2010/10/09 23:01:12 [error] [exception.CException] exception 'CException' with message 'CWebUser does not have a method named "isAdmin".' in /home/stealth977/yii/framework/base/CComponent.php:266
Stack trace:
#0 /home/stealth977/yii/framework/base/CComponent.php(616) : eval()'d code(1): CComponent->__call('isAdmin', Array)
#1 /home/stealth977/yii/framework/base/CComponent.php(616) : eval()'d code(1): CWebUser->isAdmin()
#2 /home/stealth977/yii/framework/base/CComponent.php(616): eval()
#3 /home/stealth977/yii/framework/web/auth/CAccessControlFilter.php(337): CComponent->evaluateExpression('Yii::app()->use...', Array)
#4 /home/stealth977/yii/framework/web/auth/CAccessControlFilter.php(240): CAccessRule->isExpressionMatched(Object(CWebUser))
#5 /home/stealth977/yii/framework/web/auth/CAccessControlFilter.php(111): CAccessRule->isUserAllowed(Object(CWebUser), Object(YumUserController), Object(CInlineAction), '87.59.5.183', 'GET')
#6 /home/stealth977/yii/framework/web/filters/CFilter.php(39): CAccessControlFilter->preFilter(Object(CFilterChain))
#7 /home/stealth977/yii/framework/web/CController.php(1049): CFilter->filter(Object(CFilterChain))
#8 /home/stealth977/yii/framework/web/filters/CInlineFilter.php(59): CController->filterAccessControl(Object(CFilterChain))
#9 /home/stealth977/yii/framework/web/filters/CFilterChain.php(130): CInlineFilter->filter(Object(CFilterChain))
#10 /home/stealth977/yii/framework/web/CController.php(283): CFilterChain->run()
#11 /home/stealth977/yii/framework/web/CController.php(257): CController->runActionWithFilters(Object(CInlineAction), Array)
#12 /home/stealth977/yii/framework/web/CWebApplication.php(324): CController->run('adminpanel')
#13 /home/stealth977/yii/framework/web/CWebApplication.php(121): CWebApplication->runController('user/user/admin...')
#14 /home/stealth977/yii/framework/base/CApplication.php(135): CWebApplication->processRequest()
#15 /home/stealth977/files.ogitor.org/index.php(13): CApplication->run()
#16 {main} REQUEST_URI=/index.php/user/user/adminpanel
2010/10/09 23:46:31 [error] [exception.CException] exception 'CException' with message 'YumProfileController cannot find the requested view "admin".' in /home/stealth977/yii/framework/web/CController.php:807
Stack trace:
#0 /home/stealth977/yii/framework/web/CController.php(739): CController->renderPartial('admin', Array, true)
#1 /home/stealth977/files.ogitor.org/protected/modules/user/controllers/YumProfileController.php(99): CController->render('admin', Array)
#2 /home/stealth977/yii/framework/web/actions/CInlineAction.php(50): YumProfileController->actionAdmin()
#3 /home/stealth977/yii/framework/web/CController.php(300): CInlineAction->run()
#4 /home/stealth977/yii/framework/web/filters/CFilterChain.php(133): CController->runAction(Object(CInlineAction))
#5 /home/stealth977/yii/framework/web/filters/CFilter.php(41): CFilterChain->run()
#6 /home/stealth977/yii/framework/web/CController.php(1049): CFilter->filter(Object(CFilterChain))
#7 /home/stealth977/yii/framework/web/filters/CInlineFilter.php(59): CController->filterAccessControl(Object(CFilterChain))
#8 /home/stealth977/yii/framework/web/filters/CFilterChain.php(130): CInlineFilter->filter(Object(CFilterChain))
#9 /home/stealth977/yii/framework/web/CController.php(283): CFilterChain->run()
#10 /home/stealth977/yii/framework/web/CController.php(257): CController->runActionWithFilters(Object(CInlineAction), Array)
#11 /home/stealth977/yii/framework/web/CWebApplication.php(324): CController->run('admin')
#12 /home/stealth977/yii/framework/web/CWebApplication.php(121): CWebApplication->runController('user/profile/ad...')
#13 /home/stealth977/yii/framework/base/CApplication.php(135): CWebApplication->processRequest()
#14 /home/stealth977/files.ogitor.org/index.php(13): CApplication->run()
#15 {main} REQUEST_URI=/index.php/user/profile/admin
2010/10/09 23:46:53 [error] [exception.CException] exception 'CException' with message 'Property "YumUser.street" is not defined.' in /home/stealth977/yii/framework/base/CComponent.php:131
Stack trace:
#0 /home/stealth977/yii/framework/db/ar/CActiveRecord.php(110): CComponent->__get('street')
#1 /home/stealth977/yii/framework/web/helpers/CHtml.php(1664): CActiveRecord->__get('street')
#2 /home/stealth977/yii/framework/zii/widgets/CDetailView.php(201): CHtml::value(Object(YumUser), 'street')
#3 /home/stealth977/yii/framework/web/CBaseController.php(166): CDetailView->run()
#4 /home/stealth977/files.ogitor.org/protected/modules/user/views/user/view.php(63): CBaseController->widget('zii.widgets.CDe...', Array)
#5 /home/stealth977/yii/framework/web/CBaseController.php(119): require('/home/stealth97...')
#6 /home/stealth977/yii/framework/web/CBaseController.php(88): CBaseController->renderInternal('/home/stealth97...', Array, true)
#7 /home/stealth977/yii/framework/web/CController.php(798): CBaseController->renderFile('/home/stealth97...', Array, true)
#8 /home/stealth977/yii/framework/web/CController.php(739): CController->renderPartial('view', Array, true)
#9 /home/stealth977/files.ogitor.org/protected/modules/user/controllers/YumUserController.php(454): CController->render('view', Array)
#10 /home/stealth977/yii/framework/web/actions/CInlineAction.php(50): YumUserController->actionView()
#11 /home/stealth977/yii/framework/web/CController.php(300): CInlineAction->run()
#12 /home/stealth977/yii/framework/web/filters/CFilterChain.php(133): CController->runAction(Object(CInlineAction))
#13 /home/stealth977/yii/framework/web/filters/CFilter.php(41): CFilterChain->run()
#14 /home/stealth977/yii/framework/web/CController.php(1049): CFilter->filter(Object(CFilterChain))
#15 /home/stealth977/yii/framework/web/filters/CInlineFilter.php(59): CController->filterAccessControl(Object(CFilterChain))
#16 /home/stealth977/yii/framework/web/filters/CFilterChain.php(130): CInlineFilter->filter(Object(CFilterChain))
#17 /home/stealth977/yii/framework/web/CController.php(283): CFilterChain->run()
#18 /home/stealth977/yii/framework/web/CController.php(257): CController->runActionWithFilters(Object(CInlineAction), Array)
#19 /home/stealth977/yii/framework/web/CWebApplication.php(324): CController->run('view')
#20 /home/stealth977/yii/framework/web/CWebApplication.php(121): CWebApplication->runController('user/user/view/...')
#21 /home/stealth977/yii/framework/base/CApplication.php(135): CWebApplication->processRequest()
#22 /home/stealth977/files.ogitor.org/index.php(13): CApplication->run()
#23 {main} REQUEST_URI=/index.php/user/user/view/id/2
